<?xml version="1.0" encoding="UTF-8" ?>
<testsuites>
  <testsuite errors="0" failures="0" hostname="Franciscos-iMac.local" id="0" name="SignUpSpec" package="" tests="1" time="2.344" timestamp="2013-12-02T17:08:49">
      <properties />

      <testcase classname="SignUpSpec" name="signup new customer" time="2.327" />

      <system-out />

      <system-err><![CDATA[--Output from signup new customer--
Unable to use direct char[] access of java.lang.String
java.lang.NoSuchFieldException: count
	at java.lang.Class.getDeclaredField(Class.java:1948)
	at org.codehaus.groovy.grails.web.util.StringCharArrayAccessor.<clinit>(StringCharArrayAccessor.java:53)
	at org.codehaus.groovy.grails.web.util.StreamCharBuffer.readAsString(StreamCharBuffer.java:540)
	at org.codehaus.groovy.grails.web.util.StreamCharBuffer.toString(StreamCharBuffer.java:562)
	at org.codehaus.groovy.grails.web.pages.FastStringWriter.getValue(FastStringWriter.java:59)
	at org.codehaus.groovy.grails.web.pages.FastStringWriter.toString(FastStringWriter.java:55)
	at org.codehaus.groovy.grails.web.pages.GroovyPagesUriSupport.getAbsoluteViewURIInternal(GroovyPagesUriSupport.java:228)
	at org.codehaus.groovy.grails.web.pages.GroovyPagesUriSupport.getAbsoluteViewURI(GroovyPagesUriSupport.java:166)
	at org.codehaus.groovy.grails.web.pages.discovery.GrailsConventionGroovyPageLocator.findViewByPath(GrailsConventionGroovyPageLocator.java:52)
	at org.codehaus.groovy.grails.web.servlet.view.GrailsViewResolver.createGrailsView(GrailsViewResolver.java:155)
	at org.codehaus.groovy.grails.web.servlet.view.GrailsViewResolver.access$000(GrailsViewResolver.java:51)
	at org.codehaus.groovy.grails.web.servlet.view.GrailsViewResolver$1.run(GrailsViewResolver.java:96)
	at org.codehaus.groovy.grails.web.servlet.view.GrailsViewResolver$1.run(GrailsViewResolver.java:93)
	at org.codehaus.groovy.grails.web.servlet.view.GrailsViewResolver.loadView(GrailsViewResolver.java:108)
	at org.codehaus.groovy.grails.scaffolding.view.ScaffoldingViewResolver.loadView(ScaffoldingViewResolver.java:59)
	at org.springframework.web.servlet.view.AbstractCachingViewResolver.createView(AbstractCachingViewResolver.java:186)
	at org.springframework.web.servlet.view.UrlBasedViewResolver.createView(UrlBasedViewResolver.java:401)
	at org.springframework.web.servlet.view.AbstractCachingViewResolver.resolveViewName(AbstractCachingViewResolver.java:95)
	at org.codehaus.groovy.grails.web.util.WebUtils.resolveView(WebUtils.java:202)
	at org.codehaus.groovy.grails.web.util.WebUtils.resolveView(WebUtils.java:185)
	at org.codehaus.groovy.grails.web.mapping.filter.UrlMappingsFilter.renderViewForUrlMappingInfo(UrlMappingsFilter.java:324)
	at org.codehaus.groovy.grails.web.mapping.filter.UrlMappingsFilter.doFilterInternal(UrlMappingsFilter.java:215)
	at org.springframework.web.filter.OncePerRequestFilter.doFilter(OncePerRequestFilter.java:76)
	at org.apache.catalina.core.ApplicationFilterChain.internalDoFilter(ApplicationFilterChain.java:243)
	at org.apache.catalina.core.ApplicationFilterChain.doFilter(ApplicationFilterChain.java:210)
	at org.codehaus.groovy.grails.web.sitemesh.GrailsPageFilter.obtainContent(GrailsPageFilter.java:200)
	at org.codehaus.groovy.grails.web.sitemesh.GrailsPageFilter.doFilter(GrailsPageFilter.java:151)
	at org.apache.catalina.core.ApplicationFilterChain.internalDoFilter(ApplicationFilterChain.java:243)
	at org.apache.catalina.core.ApplicationFilterChain.doFilter(ApplicationFilterChain.java:210)
	at org.codehaus.groovy.grails.web.servlet.mvc.GrailsWebRequestFilter.doFilterInternal(GrailsWebRequestFilter.java:69)
	at org.springframework.web.filter.OncePerRequestFilter.doFilter(OncePerRequestFilter.java:76)
	at org.apache.catalina.core.ApplicationFilterChain.internalDoFilter(ApplicationFilterChain.java:243)
	at org.apache.catalina.core.ApplicationFilterChain.doFilter(ApplicationFilterChain.java:210)
	at org.codehaus.groovy.grails.web.filters.HiddenHttpMethodFilter.doFilterInternal(HiddenHttpMethodFilter.java:69)
	at org.springframework.web.filter.OncePerRequestFilter.doFilter(OncePerRequestFilter.java:76)
	at org.apache.catalina.core.ApplicationFilterChain.internalDoFilter(ApplicationFilterChain.java:243)
	at org.apache.catalina.core.ApplicationFilterChain.doFilter(ApplicationFilterChain.java:210)
	at org.springframework.web.filter.CharacterEncodingFilter.doFilterInternal(CharacterEncodingFilter.java:88)
	at org.springframework.web.filter.OncePerRequestFilter.doFilter(OncePerRequestFilter.java:76)
	at org.springframework.web.filter.DelegatingFilterProxy.invokeDelegate(DelegatingFilterProxy.java:346)
	at org.springframework.web.filter.DelegatingFilterProxy.doFilter(DelegatingFilterProxy.java:259)
	at org.apache.catalina.core.ApplicationFilterChain.internalDoFilter(ApplicationFilterChain.java:243)
	at org.apache.catalina.core.ApplicationFilterChain.doFilter(ApplicationFilterChain.java:210)
	at org.apache.catalina.core.StandardWrapperValve.invoke(StandardWrapperValve.java:225)
	at org.apache.catalina.core.StandardContextValve.invoke(StandardContextValve.java:169)
	at org.apache.catalina.core.StandardHostValve.invoke(StandardHostValve.java:168)
	at org.apache.catalina.valves.ErrorReportValve.invoke(ErrorReportValve.java:98)
	at org.apache.catalina.core.StandardEngineValve.invoke(StandardEngineValve.java:118)
	at org.apache.catalina.connector.CoyoteAdapter.service(CoyoteAdapter.java:407)
	at org.apache.coyote.http11.AbstractHttp11Processor.process(AbstractHttp11Processor.java:999)
	at org.apache.coyote.AbstractProtocol$AbstractConnectionHandler.process(AbstractProtocol.java:565)
	at org.apache.tomcat.util.net.JIoEndpoint$SocketProcessor.run(JIoEndpoint.java:307)
	at java.util.concurrent.ThreadPoolExecutor.runWorker(ThreadPoolExecutor.java:1145)
	at java.util.concurrent.ThreadPoolExecutor$Worker.run(ThreadPoolExecutor.java:615)
	at java.lang.Thread.run(Thread.java:744)
]]></system-err>

  </testsuite>
</testsuites>
